Removed Pin From Net: NetName=Q3_drain Pin=C1-1
Removed Pin From Net: NetName=Vbuck Pin=C19-1
Removed Pin From Net: NetName=GND Pin=C19-2
Removed Pin From Net: NetName=GND Pin=D4-A
Removed Pin From Net: NetName=Vbuck Pin=D4-K
Removed Pin From Net: NetName=VBAT Pin=U8-1
Removed Pin From Net: NetName=GND Pin=U8-3
Removed Pin From Net: NetName=Vbuck Pin=U8-4
Removed Pin From Net: NetName=PD Pin=U8-5
Removed Pin From Net: NetName=GND Pin=U8-6
Removed Member From Class: ClassName=toplevel Member=C19
Removed Member From Class: ClassName=toplevel Member=D4
Removed Member From Class: ClassName=toplevel Member=u*
Change Component Footprint: Designator=C4 Old Footprint=CAP_radial_G New Footprint=cap_radial_d
Change Component Designator: OldDesignator=u* NewDesignator=U8
Change component parameters: Designator = "C4"; Footprint = "cap_radial_d"; UniqueID = "\RGQLVTAP"
Change component parameters. Clean all parameters for all variants
Change component parameters (AddParameter): Name = "Value"; Value = "10u"; VariantName = "[No Variations]"
Added Component: Designator=C19_1(tricap_0603)
Add component. Clean all parameters for all variants
Add component (AddParameter): Name = "Value"; Value = "10u"; VariantName = "[No Variations]"
Added Component: Designator=C19_2(tricap_0603)
Add component. Clean all parameters for all variants
Add component (AddParameter): Name = "Value"; Value = "10u"; VariantName = "[No Variations]"
Added Component: Designator=C20(SMD0603_cap)
Add component. Clean all parameters for all variants
Add component (AddParameter): Name = "Value"; Value = "10n"; VariantName = "[No Variations]"
Added Component: Designator=C21(SMD0603_cap)
Add component. Clean all parameters for all variants
Add component (AddParameter): Name = "Value"; Value = "100n"; VariantName = "[No Variations]"
Added Component: Designator=C22(SMD0603_cap)
Add component. Clean all parameters for all variants
Add component (AddParameter): Name = "Value"; Value = "4.7n"; VariantName = "[No Variations]"
Added Component: Designator=R15(SMD0603)
Add component. Clean all parameters for all variants
Add component (AddParameter): Name = "Value"; Value = "100k"; VariantName = "[No Variations]"
Added Component: Designator=R16(SMD0603)
Add component. Clean all parameters for all variants
Add component (AddParameter): Name = "Value"; Value = "18k"; VariantName = "[No Variations]"
Added Component: Designator=R17(SMD0603)
Add component. Clean all parameters for all variants
Add component (AddParameter): Name = "Value"; Value = "200k"; VariantName = "[No Variations]"
Added Component: Designator=R18(SMD0603)
Add component. Clean all parameters for all variants
Add component (AddParameter): Name = "Value"; Value = "20k"; VariantName = "[No Variations]"
Added Component: Designator=U9(SOT23-5Lead)
Add component. Clean all parameters for all variants
Added Pin To Net: NetName=NetL1_2 Pin=C1-1
Added Pin To Net: NetName=GND Pin=C19_1-1
Added Pin To Net: NetName=Vbuck Pin=C19_1-2
Added Pin To Net: NetName=GND Pin=C19_2-1
Added Pin To Net: NetName=Vbuck Pin=C19_2-2
Added Pin To Net: NetName=GND Pin=C20-2
Added Pin To Net: NetName=GND Pin=C22-2
Added Pin To Net: NetName=Vbuck Pin=R15-2
Added Pin To Net: NetName=GND Pin=R16-1
Added Pin To Net: NetName=GND Pin=R17-1
Added Pin To Net: NetName=VBAT Pin=U8-2
Added Pin To Net: NetName=GND Pin=U8-9
Added Pin To Net: NetName=GND Pin=U8-11
Added Pin To Net: NetName=PD Pin=U9-2
Added Pin To Net: NetName=GND Pin=U9-3
Added Pin To Net: NetName=Vconst5 Pin=U9-5
Change Net Name : Old Net Name=NetL1_2 New Net Name=NetC1_1
Added Pin To Net: NetName=NetC20_1 Pin=C20-1
Added Pin To Net: NetName=NetC20_1 Pin=U8-4
Added Net: Name=NetC20_1
Added Pin To Net: NetName=NetC21_1 Pin=C21-1
Added Pin To Net: NetName=NetC21_1 Pin=U8-1
Added Net: Name=NetC21_1
Added Pin To Net: NetName=NetC21_2 Pin=C21-2
Added Pin To Net: NetName=NetC21_2 Pin=D6-K
Added Pin To Net: NetName=NetC21_2 Pin=L2-1
Added Pin To Net: NetName=NetC21_2 Pin=U8-10
Added Net: Name=NetC21_2
Added Pin To Net: NetName=NetC22_1 Pin=C22-1
Added Pin To Net: NetName=NetC22_1 Pin=R18-1
Added Net: Name=NetC22_1
Added Pin To Net: NetName=NetR15_1 Pin=R15-1
Added Pin To Net: NetName=NetR15_1 Pin=R16-2
Added Pin To Net: NetName=NetR15_1 Pin=U8-7
Added Net: Name=NetR15_1
Added Pin To Net: NetName=NetR17_2 Pin=R17-2
Added Pin To Net: NetName=NetR17_2 Pin=U8-5
Added Net: Name=NetR17_2
Added Pin To Net: NetName=NetR18_2 Pin=R18-2
Added Pin To Net: NetName=NetR18_2 Pin=U8-8
Added Net: Name=NetR18_2
Added Pin To Net: NetName=PDbar Pin=U8-3
Added Pin To Net: NetName=PDbar Pin=U9-4
Added Net: Name=PDbar
Added Member To Class: ClassName=toplevel Member=Component C19_1 TriCap
Added Member To Class: ClassName=toplevel Member=Component C19_2 TriCap
Added Member To Class: ClassName=toplevel Member=Component C20 Cap
Added Member To Class: ClassName=toplevel Member=Component C21 Cap
Added Member To Class: ClassName=toplevel Member=Component C22 Cap
Added Member To Class: ClassName=toplevel Member=Component R15 Res
Added Member To Class: ClassName=toplevel Member=Component R16 Res
Added Member To Class: ClassName=toplevel Member=Component R17 Res
Added Member To Class: ClassName=toplevel Member=Component R18 Res
Added Member To Class: ClassName=toplevel Member=Component U9 NC7SZ04
Added Room: Name=toplevel
