Added Component: Designator=C1(tricap_0805)
Add component. Clean all parameters for all variants
Add component (AddParameter): Name = "Value"; Value = "1u"; VariantName = "[No Variations]"
Added Component: Designator=C2_1(tricap_0603)
Add component. Clean all parameters for all variants
Add component (AddParameter): Name = "Value"; Value = "10u"; VariantName = "[No Variations]"
Added Component: Designator=C2_2(tricap_0603)
Add component. Clean all parameters for all variants
Add component (AddParameter): Name = "Value"; Value = "10u"; VariantName = "[No Variations]"
Added Component: Designator=C3(SMD0603_cap)
Add component. Clean all parameters for all variants
Add component (AddParameter): Name = "Value"; Value = "100n"; VariantName = "[No Variations]"
Added Component: Designator=C4(CAP_radial_G)
Add component. Clean all parameters for all variants
Add component (AddParameter): Name = "Value"; Value = "100u"; VariantName = "[No Variations]"
Added Component: Designator=C5(SMD0603_cap)
Add component. Clean all parameters for all variants
Add component (AddParameter): Name = "Value"; Value = "2.2u"; VariantName = "[No Variations]"
Added Component: Designator=C6(SMD0603_cap)
Add component. Clean all parameters for all variants
Add component (AddParameter): Name = "Value"; Value = "2.2u"; VariantName = "[No Variations]"
Added Component: Designator=C7(SMD0603_cap)
Add component. Clean all parameters for all variants
Add component (AddParameter): Name = "Value"; Value = "220p"; VariantName = "[No Variations]"
Added Component: Designator=C8(SMD0603_cap)
Add component. Clean all parameters for all variants
Add component (AddParameter): Name = "Value"; Value = "10n"; VariantName = "[No Variations]"
Added Component: Designator=C9(SMD0603_cap)
Add component. Clean all parameters for all variants
Add component (AddParameter): Name = "Value"; Value = "500p"; VariantName = "[No Variations]"
Added Component: Designator=C10(SMD0603_cap)
Add component. Clean all parameters for all variants
Add component (AddParameter): Name = "Value"; Value = "440p"; VariantName = "[No Variations]"
Added Component: Designator=C11(SMD0603_cap)
Add component. Clean all parameters for all variants
Add component (AddParameter): Name = "Value"; Value = "330p"; VariantName = "[No Variations]"
Added Component: Designator=C12(SMD0603_cap)
Add component. Clean all parameters for all variants
Add component (AddParameter): Name = "Value"; Value = "330p"; VariantName = "[No Variations]"
Added Component: Designator=C13(SMD0603_cap)
Add component. Clean all parameters for all variants
Add component (AddParameter): Name = "Value"; Value = "1n"; VariantName = "[No Variations]"
Added Component: Designator=C14(SMD0603_cap)
Add component. Clean all parameters for all variants
Add component (AddParameter): Name = "Value"; Value = "10n"; VariantName = "[No Variations]"
Added Component: Designator=C15(SMD0603_cap)
Add component. Clean all parameters for all variants
Add component (AddParameter): Name = "Value"; Value = "2.2u"; VariantName = "[No Variations]"
Added Component: Designator=C16(SMD0603_cap)
Add component. Clean all parameters for all variants
Add component (AddParameter): Name = "Value"; Value = "10n"; VariantName = "[No Variations]"
Added Component: Designator=C17(SMD0603_cap)
Add component. Clean all parameters for all variants
Add component (AddParameter): Name = "Value"; Value = "10n"; VariantName = "[No Variations]"
Added Component: Designator=C18(SMD0603_cap)
Add component. Clean all parameters for all variants
Add component (AddParameter): Name = "Value"; Value = "10n"; VariantName = "[No Variations]"
Added Component: Designator=C19(CAP_radial_F)
Add component. Clean all parameters for all variants
Add component (AddParameter): Name = "Value"; Value = "680u"; VariantName = "[No Variations]"
Added Component: Designator=D1(SOD-323F)
Add component. Clean all parameters for all variants
Added Component: Designator=D2(SOD-323F)
Add component. Clean all parameters for all variants
Added Component: Designator=D3(SOD-323F)
Add component. Clean all parameters for all variants
Added Component: Designator=D4(SOD-323F)
Add component. Clean all parameters for all variants
Added Component: Designator=D5(SMD0603 POLARIZED)
Add component. Clean all parameters for all variants
Added Component: Designator=D6(sod-128)
Add component. Clean all parameters for all variants
Added Component: Designator=L1(Nonstandard_10uH)
Add component. Clean all parameters for all variants
Add component (AddParameter): Name = "Code_IEC"; Value = "1005"; VariantName = "[No Variations]"
Add component (AddParameter): Name = "Code_JEITA"; Value = "0402"; VariantName = "[No Variations]"
Add component (AddParameter): Name = "LatestRevisionDate"; Value = "29-May-2009"; VariantName = "[No Variations]"
Add component (AddParameter): Name = "LatestRevisionNote"; Value = "IPC-7351 Footprint Added."; VariantName = "[No Variations]"
Add component (AddParameter): Name = "PackageDescription"; Value = "Chip Inductor"; VariantName = "[No Variations]"
Add component (AddParameter): Name = "PackageReference"; Value = "0402-A"; VariantName = "[No Variations]"
Add component (AddParameter): Name = "Published"; Value = "8-Jun-2000"; VariantName = "[No Variations]"
Add component (AddParameter): Name = "Publisher"; Value = "Altium Limited"; VariantName = "[No Variations]"
Add component (AddParameter): Name = "Value"; Value = "10u"; VariantName = "[No Variations]"
Added Component: Designator=L2(Nonstandard_68uH)
Add component. Clean all parameters for all variants
Add component (AddParameter): Name = "Code_IEC"; Value = "1005"; VariantName = "[No Variations]"
Add component (AddParameter): Name = "Code_JEITA"; Value = "0402"; VariantName = "[No Variations]"
Add component (AddParameter): Name = "LatestRevisionDate"; Value = "29-May-2009"; VariantName = "[No Variations]"
Add component (AddParameter): Name = "LatestRevisionNote"; Value = "IPC-7351 Footprint Added."; VariantName = "[No Variations]"
Add component (AddParameter): Name = "PackageDescription"; Value = "Chip Inductor"; VariantName = "[No Variations]"
Add component (AddParameter): Name = "PackageReference"; Value = "0402-A"; VariantName = "[No Variations]"
Add component (AddParameter): Name = "Published"; Value = "8-Jun-2000"; VariantName = "[No Variations]"
Add component (AddParameter): Name = "Publisher"; Value = "Altium Limited"; VariantName = "[No Variations]"
Add component (AddParameter): Name = "Value"; Value = "68u"; VariantName = "[No Variations]"
Added Component: Designator=M1(MountHole_M3)
Add component. Clean all parameters for all variants
Added Component: Designator=P1(Microfit 2x1)
Add component. Clean all parameters for all variants
Added Component: Designator=P2(Header 2x1)
Add component. Clean all parameters for all variants
Added Component: Designator=P3(HEADER 3X1)
Add component. Clean all parameters for all variants
Added Component: Designator=Q1(GaN Bumped Die)
Add component. Clean all parameters for all variants
Added Component: Designator=Q2(GaN Bumped Die)
Add component. Clean all parameters for all variants
Added Component: Designator=Q3(sot23)
Add component. Clean all parameters for all variants
Added Component: Designator=R1(SMD0603)
Add component. Clean all parameters for all variants
Add component (AddParameter): Name = "Value"; Value = "1k"; VariantName = "[No Variations]"
Added Component: Designator=R2(SMD0603)
Add component. Clean all parameters for all variants
Add component (AddParameter): Name = "Value"; Value = "200k"; VariantName = "[No Variations]"
Added Component: Designator=R3(SMD0603)
Add component. Clean all parameters for all variants
Add component (AddParameter): Name = "Value"; Value = "49.9k"; VariantName = "[No Variations]"
Added Component: Designator=R4(SMD0603)
Add component. Clean all parameters for all variants
Add component (AddParameter): Name = "Value"; Value = "73.2k"; VariantName = "[No Variations]"
Added Component: Designator=R5(SMD0603)
Add component. Clean all parameters for all variants
Add component (AddParameter): Name = "Value"; Value = "23.7k"; VariantName = "[No Variations]"
Added Component: Designator=R6(SMD0603)
Add component. Clean all parameters for all variants
Add component (AddParameter): Name = "Value"; Value = "1M"; VariantName = "[No Variations]"
Added Component: Designator=R7(SMD0603)
Add component. Clean all parameters for all variants
Add component (AddParameter): Name = "Value"; Value = "200k"; VariantName = "[No Variations]"
Added Component: Designator=R8(SMD0603)
Add component. Clean all parameters for all variants
Add component (AddParameter): Name = "Value"; Value = "2.2k"; VariantName = "[No Variations]"
Added Component: Designator=R9(SMD0603)
Add component. Clean all parameters for all variants
Add component (AddParameter): Name = "Value"; Value = "21k"; VariantName = "[No Variations]"
Added Component: Designator=R10(SMD0603)
Add component. Clean all parameters for all variants
Add component (AddParameter): Name = "Value"; Value = "1k"; VariantName = "[No Variations]"
Added Component: Designator=R11(SMD0603)
Add component. Clean all parameters for all variants
Add component (AddParameter): Name = "Value"; Value = "3.3k"; VariantName = "[No Variations]"
Added Component: Designator=R12(SMD0603)
Add component. Clean all parameters for all variants
Add component (AddParameter): Name = "Value"; Value = "100"; VariantName = "[No Variations]"
Added Component: Designator=R13(SMD0603)
Add component. Clean all parameters for all variants
Add component (AddParameter): Name = "Value"; Value = "100"; VariantName = "[No Variations]"
Added Component: Designator=R14(SMD0603)
Add component. Clean all parameters for all variants
Add component (AddParameter): Name = "Value"; Value = "0"; VariantName = "[No Variations]"
Added Component: Designator=T1(P1408)
Add component. Clean all parameters for all variants
Added Component: Designator=U1(SOT23-6L)
Add component. Clean all parameters for all variants
Added Component: Designator=U2(sot23)
Add component. Clean all parameters for all variants
Added Component: Designator=U3(soic-8_pad)
Add component. Clean all parameters for all variants
Added Component: Designator=U4(SOIC8)
Add component. Clean all parameters for all variants
Added Component: Designator=U5(SOT23-5Lead)
Add component. Clean all parameters for all variants
Added Component: Designator=U6(soic8)
Add component. Clean all parameters for all variants
Added Component: Designator=U7(soic-8_pad)
Add component. Clean all parameters for all variants
Added Component: Designator=U8(to263-5)
Add component. Clean all parameters for all variants
Added Pin To Net: NetName=5v0 Pin=C5-1
Added Pin To Net: NetName=5v0 Pin=C8-1
Added Pin To Net: NetName=5v0 Pin=C14-1
Added Pin To Net: NetName=5v0 Pin=C17-1
Added Pin To Net: NetName=5v0 Pin=C18-1
Added Pin To Net: NetName=5v0 Pin=U1-5
Added Pin To Net: NetName=5v0 Pin=U1-6
Added Pin To Net: NetName=5v0 Pin=U2-1
Added Pin To Net: NetName=5v0 Pin=U3-1
Added Pin To Net: NetName=5v0 Pin=U3-2
Added Pin To Net: NetName=5v0 Pin=U4-4
Added Pin To Net: NetName=5v0 Pin=U4-8
Added Pin To Net: NetName=5v0 Pin=U5-5
Added Net: Name=5v0
Added Pin To Net: NetName=buckout Pin=D6-K
Added Pin To Net: NetName=buckout Pin=L2-1
Added Pin To Net: NetName=buckout Pin=U8-2
Added Net: Name=buckout
Added Pin To Net: NetName=GND Pin=C2_1-1
Added Pin To Net: NetName=GND Pin=C2_2-1
Added Pin To Net: NetName=GND Pin=C3-1
Added Pin To Net: NetName=GND Pin=C5-2
Added Pin To Net: NetName=GND Pin=C6-2
Added Pin To Net: NetName=GND Pin=C7-2
Added Pin To Net: NetName=GND Pin=C8-2
Added Pin To Net: NetName=GND Pin=C11-1
Added Pin To Net: NetName=GND Pin=C12-1
Added Pin To Net: NetName=GND Pin=C13-2
Added Pin To Net: NetName=GND Pin=C14-2
Added Pin To Net: NetName=GND Pin=C15-2
Added Pin To Net: NetName=GND Pin=C16-2
Added Pin To Net: NetName=GND Pin=C17-2
Added Pin To Net: NetName=GND Pin=C18-2
Added Pin To Net: NetName=GND Pin=C19-2
Added Pin To Net: NetName=GND Pin=D1-A
Added Pin To Net: NetName=GND Pin=D2-A
Added Pin To Net: NetName=GND Pin=D3-A
Added Pin To Net: NetName=GND Pin=D4-A
Added Pin To Net: NetName=GND Pin=D6-A
Added Pin To Net: NetName=GND Pin=L1-1
Added Pin To Net: NetName=GND Pin=P1-2
Added Pin To Net: NetName=GND Pin=P2-2
Added Pin To Net: NetName=GND Pin=P3-3
Added Pin To Net: NetName=GND Pin=Q2-S
Added Pin To Net: NetName=GND Pin=Q2-S
Added Pin To Net: NetName=GND Pin=R3-1
Added Pin To Net: NetName=GND Pin=R5-2
Added Pin To Net: NetName=GND Pin=R8-2
Added Pin To Net: NetName=GND Pin=R14-2
Added Pin To Net: NetName=GND Pin=U1-2
Added Pin To Net: NetName=GND Pin=U2-3
Added Pin To Net: NetName=GND Pin=U3-6
Added Pin To Net: NetName=GND Pin=U3-7
Added Pin To Net: NetName=GND Pin=U3-9
Added Pin To Net: NetName=GND Pin=U4-1
Added Pin To Net: NetName=GND Pin=U5-2
Added Pin To Net: NetName=GND Pin=U6-1
Added Pin To Net: NetName=GND Pin=U6-3
Added Pin To Net: NetName=GND Pin=U7-5
Added Pin To Net: NetName=GND Pin=U7-6
Added Pin To Net: NetName=GND Pin=U7-7
Added Pin To Net: NetName=GND Pin=U7-9
Added Pin To Net: NetName=GND Pin=U8-3
Added Pin To Net: NetName=GND Pin=U8-6
Added Net: Name=GND
Added Pin To Net: NetName=NetC3_2 Pin=C3-2
Added Pin To Net: NetName=NetC3_2 Pin=R1-2
Added Pin To Net: NetName=NetC3_2 Pin=R2-2
Added Net: Name=NetC3_2
Added Pin To Net: NetName=NetC6_1 Pin=C6-1
Added Pin To Net: NetName=NetC6_1 Pin=U1-3
Added Pin To Net: NetName=NetC6_1 Pin=U2-2
Added Net: Name=NetC6_1
Added Pin To Net: NetName=NetC9_1 Pin=C9-1
Added Pin To Net: NetName=NetC9_1 Pin=R4-2
Added Pin To Net: NetName=NetC9_1 Pin=R5-1
Added Pin To Net: NetName=NetC9_1 Pin=R6-2
Added Net: Name=NetC9_1
Added Pin To Net: NetName=NetC9_2 Pin=C9-2
Added Pin To Net: NetName=NetC9_2 Pin=C10-2
Added Pin To Net: NetName=NetC9_2 Pin=R6-1
Added Pin To Net: NetName=NetC9_2 Pin=U1-4
Added Net: Name=NetC9_2
Added Pin To Net: NetName=NetC10_1 Pin=C10-1
Added Pin To Net: NetName=NetC10_1 Pin=R7-2
Added Net: Name=NetC10_1
Added Pin To Net: NetName=NetC11_2 Pin=C11-2
Added Pin To Net: NetName=NetC11_2 Pin=R9-1
Added Pin To Net: NetName=NetC11_2 Pin=U4-2
Added Pin To Net: NetName=NetC11_2 Pin=U4-6
Added Net: Name=NetC11_2
Added Pin To Net: NetName=NetC12_2 Pin=C12-2
Added Pin To Net: NetName=NetC12_2 Pin=R10-2
Added Pin To Net: NetName=NetC12_2 Pin=R11-1
Added Net: Name=NetC12_2
Added Pin To Net: NetName=NetD5_2 Pin=D5-2
Added Pin To Net: NetName=NetD5_2 Pin=R8-1
Added Net: Name=NetD5_2
Added Pin To Net: NetName=NetL1_2 Pin=L1-2
Added Pin To Net: NetName=NetL1_2 Pin=Q1-S
Added Pin To Net: NetName=NetL1_2 Pin=Q1-S
Added Pin To Net: NetName=NetL1_2 Pin=Q3-2
Added Net: Name=NetL1_2
Added Pin To Net: NetName=NetQ1_D Pin=Q1-D
Added Pin To Net: NetName=NetQ1_D Pin=T1-2
Added Net: Name=NetQ1_D
Added Pin To Net: NetName=NetQ1_G Pin=Q1-G
Added Pin To Net: NetName=NetQ1_G Pin=R12-2
Added Net: Name=NetQ1_G
Added Pin To Net: NetName=NetQ2_D Pin=Q2-D
Added Pin To Net: NetName=NetQ2_D Pin=T1-4
Added Net: Name=NetQ2_D
Added Pin To Net: NetName=NetQ2_G Pin=Q2-G
Added Pin To Net: NetName=NetQ2_G Pin=R13-2
Added Net: Name=NetQ2_G
Added Pin To Net: NetName=NetQ3_1 Pin=Q3-1
Added Pin To Net: NetName=NetQ3_1 Pin=R2-1
Added Pin To Net: NetName=NetQ3_1 Pin=R3-2
Added Net: Name=NetQ3_1
Added Pin To Net: NetName=PD Pin=P3-2
Added Pin To Net: NetName=PD Pin=R14-1
Added Pin To Net: NetName=PD Pin=U3-5
Added Pin To Net: NetName=PD Pin=U8-5
Added Net: Name=PD
Added Pin To Net: NetName=Q3_drain Pin=C1-1
Added Pin To Net: NetName=Q3_drain Pin=C4-2
Added Pin To Net: NetName=Q3_drain Pin=Q3-3
Added Net: Name=Q3_drain
Added Pin To Net: NetName=V555 Pin=R9-2
Added Pin To Net: NetName=V555 Pin=R10-1
Added Pin To Net: NetName=V555 Pin=U4-3
Added Net: Name=V555
Added Pin To Net: NetName=VBAT Pin=C1-2
Added Pin To Net: NetName=VBAT Pin=C4-1
Added Pin To Net: NetName=VBAT Pin=P1-1
Added Pin To Net: NetName=VBAT Pin=R1-1
Added Pin To Net: NetName=VBAT Pin=T1-1
Added Pin To Net: NetName=VBAT Pin=U3-8
Added Pin To Net: NetName=VBAT Pin=U7-8
Added Pin To Net: NetName=VBAT Pin=U8-1
Added Net: Name=VBAT
Added Pin To Net: NetName=Vbuck Pin=C19-1
Added Pin To Net: NetName=Vbuck Pin=D4-K
Added Pin To Net: NetName=Vbuck Pin=L2-2
Added Pin To Net: NetName=Vbuck Pin=U6-6
Added Pin To Net: NetName=Vbuck Pin=U6-8
Added Pin To Net: NetName=Vbuck Pin=U8-4
Added Net: Name=Vbuck
Added Pin To Net: NetName=Vcmp Pin=U5-4
Added Pin To Net: NetName=Vcmp Pin=U6-2
Added Pin To Net: NetName=Vcmp Pin=U6-4
Added Net: Name=Vcmp
Added Pin To Net: NetName=Vconst5 Pin=C15-1
Added Pin To Net: NetName=Vconst5 Pin=C16-1
Added Pin To Net: NetName=Vconst5 Pin=P3-1
Added Pin To Net: NetName=Vconst5 Pin=U7-1
Added Pin To Net: NetName=Vconst5 Pin=U7-2
Added Net: Name=Vconst5
Added Pin To Net: NetName=Vopa Pin=C7-1
Added Pin To Net: NetName=Vopa Pin=R7-1
Added Pin To Net: NetName=Vopa Pin=U1-1
Added Pin To Net: NetName=Vopa Pin=U5-1
Added Net: Name=Vopa
Added Pin To Net: NetName=VOUT Pin=C2_1-2
Added Pin To Net: NetName=VOUT Pin=C2_2-2
Added Pin To Net: NetName=VOUT Pin=D1-K
Added Pin To Net: NetName=VOUT Pin=D5-1
Added Pin To Net: NetName=VOUT Pin=P2-1
Added Pin To Net: NetName=VOUT Pin=R4-1
Added Pin To Net: NetName=VOUT Pin=T1-3
Added Net: Name=VOUT
Added Pin To Net: NetName=Vq1 Pin=D2-K
Added Pin To Net: NetName=Vq1 Pin=R12-1
Added Pin To Net: NetName=Vq1 Pin=U6-5
Added Net: Name=Vq1
Added Pin To Net: NetName=Vq2 Pin=D3-K
Added Pin To Net: NetName=Vq2 Pin=R13-1
Added Pin To Net: NetName=Vq2 Pin=U6-7
Added Net: Name=Vq2
Added Pin To Net: NetName=Vtri Pin=C13-1
Added Pin To Net: NetName=Vtri Pin=R11-2
Added Pin To Net: NetName=Vtri Pin=U5-3
Added Net: Name=Vtri
Added Class: Name=toplevel
Added Room: Name=toplevel
